  GameDemo2.cpp
GameLib_d.lib(Framework.obj) : warning LNK4099: 未找到 PDB“Framework_d.pdb”(使用“GameLib_d.lib(Framework.obj)”或在“C:\Users\luuuuyang\source\repos\GameDemo\Chapter2\GameDemo2\Debug\Framework_d.pdb”中寻找)；正在链接对象，如同没有调试信息一样
GameLib_d.lib(ThreadingManager.obj) : warning LNK4099: 未找到 PDB“Modules_d.pdb”(使用“GameLib_d.lib(ThreadingManager.obj)”或在“C:\Users\luuuuyang\source\repos\GameDemo\Chapter2\GameDemo2\Debug\Modules_d.pdb”中寻找)；正在链接对象，如同没有调试信息一样
GameLib_d.lib(ThreadingFunctions.obj) : warning LNK4099: 未找到 PDB“Modules_d.pdb”(使用“GameLib_d.lib(ThreadingFunctions.obj)”或在“C:\Users\luuuuyang\source\repos\GameDemo\Chapter2\GameDemo2\Debug\Modules_d.pdb”中寻找)；正在链接对象，如同没有调试信息一样
GameLib_d.lib(SoundManager.obj) : warning LNK4099: 未找到 PDB“Modules_d.pdb”(使用“GameLib_d.lib(SoundManager.obj)”或在“C:\Users\luuuuyang\source\repos\GameDemo\Chapter2\GameDemo2\Debug\Modules_d.pdb”中寻找)；正在链接对象，如同没有调试信息一样
GameLib_d.lib(MathFunctions.obj) : warning LNK4099: 未找到 PDB“Modules_d.pdb”(使用“GameLib_d.lib(MathFunctions.obj)”或在“C:\Users\luuuuyang\source\repos\GameDemo\Chapter2\GameDemo2\Debug\Modules_d.pdb”中寻找)；正在链接对象，如同没有调试信息一样
GameLib_d.lib(InputManaegr.obj) : warning LNK4099: 未找到 PDB“Modules_d.pdb”(使用“GameLib_d.lib(InputManaegr.obj)”或在“C:\Users\luuuuyang\source\repos\GameDemo\Chapter2\GameDemo2\Debug\Modules_d.pdb”中寻找)；正在链接对象，如同没有调试信息一样
GameLib_d.lib(GraphicsManager.obj) : warning LNK4099: 未找到 PDB“Modules_d.pdb”(使用“GameLib_d.lib(GraphicsManager.obj)”或在“C:\Users\luuuuyang\source\repos\GameDemo\Chapter2\GameDemo2\Debug\Modules_d.pdb”中寻找)；正在链接对象，如同没有调试信息一样
GameLib_d.lib(FileIOManager.obj) : warning LNK4099: 未找到 PDB“Modules_d.pdb”(使用“GameLib_d.lib(FileIOManager.obj)”或在“C:\Users\luuuuyang\source\repos\GameDemo\Chapter2\GameDemo2\Debug\Modules_d.pdb”中寻找)；正在链接对象，如同没有调试信息一样
GameLib_d.lib(WindowCreator.obj) : warning LNK4099: 未找到 PDB“Modules_d.pdb”(使用“GameLib_d.lib(WindowCreator.obj)”或在“C:\Users\luuuuyang\source\repos\GameDemo\Chapter2\GameDemo2\Debug\Modules_d.pdb”中寻找)；正在链接对象，如同没有调试信息一样
GameLib_d.lib(Thread.obj) : warning LNK4099: 未找到 PDB“Modules_d.pdb”(使用“GameLib_d.lib(Thread.obj)”或在“C:\Users\luuuuyang\source\repos\GameDemo\Chapter2\GameDemo2\Debug\Modules_d.pdb”中寻找)；正在链接对象，如同没有调试信息一样
GameLib_d.lib(Semaphore.obj) : warning LNK4099: 未找到 PDB“Modules_d.pdb”(使用“GameLib_d.lib(Semaphore.obj)”或在“C:\Users\luuuuyang\source\repos\GameDemo\Chapter2\GameDemo2\Debug\Modules_d.pdb”中寻找)；正在链接对象，如同没有调试信息一样
GameLib_d.lib(Mutex.obj) : warning LNK4099: 未找到 PDB“Modules_d.pdb”(使用“GameLib_d.lib(Mutex.obj)”或在“C:\Users\luuuuyang\source\repos\GameDemo\Chapter2\GameDemo2\Debug\Modules_d.pdb”中寻找)；正在链接对象，如同没有调试信息一样
GameLib_d.lib(Event.obj) : warning LNK4099: 未找到 PDB“Modules_d.pdb”(使用“GameLib_d.lib(Event.obj)”或在“C:\Users\luuuuyang\source\repos\GameDemo\Chapter2\GameDemo2\Debug\Modules_d.pdb”中寻找)；正在链接对象，如同没有调试信息一样
GameLib_d.lib(StringRenderer.obj) : warning LNK4099: 未找到 PDB“Modules_d.pdb”(使用“GameLib_d.lib(StringRenderer.obj)”或在“C:\Users\luuuuyang\source\repos\GameDemo\Chapter2\GameDemo2\Debug\Modules_d.pdb”中寻找)；正在链接对象，如同没有调试信息一样
GameLib_d.lib(PrimitiveRenderer.obj) : warning LNK4099: 未找到 PDB“Modules_d.pdb”(使用“GameLib_d.lib(PrimitiveRenderer.obj)”或在“C:\Users\luuuuyang\source\repos\GameDemo\Chapter2\GameDemo2\Debug\Modules_d.pdb”中寻找)；正在链接对象，如同没有调试信息一样
GameLib_d.lib(Font.obj) : warning LNK4099: 未找到 PDB“Modules_d.pdb”(使用“GameLib_d.lib(Font.obj)”或在“C:\Users\luuuuyang\source\repos\GameDemo\Chapter2\GameDemo2\Debug\Modules_d.pdb”中寻找)；正在链接对象，如同没有调试信息一样
GameLib_d.lib(Tag.obj) : warning LNK4099: 未找到 PDB“Modules_d.pdb”(使用“GameLib_d.lib(Tag.obj)”或在“C:\Users\luuuuyang\source\repos\GameDemo\Chapter2\GameDemo2\Debug\Modules_d.pdb”中寻找)；正在链接对象，如同没有调试信息一样
GameLib_d.lib(Element.obj) : warning LNK4099: 未找到 PDB“Modules_d.pdb”(使用“GameLib_d.lib(Element.obj)”或在“C:\Users\luuuuyang\source\repos\GameDemo\Chapter2\GameDemo2\Debug\Modules_d.pdb”中寻找)；正在链接对象，如同没有调试信息一样
GameLib_d.lib(DocumentImpl.obj) : warning LNK4099: 未找到 PDB“Modules_d.pdb”(使用“GameLib_d.lib(DocumentImpl.obj)”或在“C:\Users\luuuuyang\source\repos\GameDemo\Chapter2\GameDemo2\Debug\Modules_d.pdb”中寻找)；正在链接对象，如同没有调试信息一样
GameLib_d.lib(Attribute.obj) : warning LNK4099: 未找到 PDB“Modules_d.pdb”(使用“GameLib_d.lib(Attribute.obj)”或在“C:\Users\luuuuyang\source\repos\GameDemo\Chapter2\GameDemo2\Debug\Modules_d.pdb”中寻找)；正在链接对象，如同没有调试信息一样
GameLib_d.lib(Vector4.obj) : warning LNK4099: 未找到 PDB“Modules_d.pdb”(使用“GameLib_d.lib(Vector4.obj)”或在“C:\Users\luuuuyang\source\repos\GameDemo\Chapter2\GameDemo2\Debug\Modules_d.pdb”中寻找)；正在链接对象，如同没有调试信息一样
GameLib_d.lib(Vector3.obj) : warning LNK4099: 未找到 PDB“Modules_d.pdb”(使用“GameLib_d.lib(Vector3.obj)”或在“C:\Users\luuuuyang\source\repos\GameDemo\Chapter2\GameDemo2\Debug\Modules_d.pdb”中寻找)；正在链接对象，如同没有调试信息一样
GameLib_d.lib(vector2.obj) : warning LNK4099: 未找到 PDB“Modules_d.pdb”(使用“GameLib_d.lib(vector2.obj)”或在“C:\Users\luuuuyang\source\repos\GameDemo\Chapter2\GameDemo2\Debug\Modules_d.pdb”中寻找)；正在链接对象，如同没有调试信息一样
GameLib_d.lib(Matrix44.obj) : warning LNK4099: 未找到 PDB“Modules_d.pdb”(使用“GameLib_d.lib(Matrix44.obj)”或在“C:\Users\luuuuyang\source\repos\GameDemo\Chapter2\GameDemo2\Debug\Modules_d.pdb”中寻找)；正在链接对象，如同没有调试信息一样
GameLib_d.lib(Matrix34.obj) : warning LNK4099: 未找到 PDB“Modules_d.pdb”(使用“GameLib_d.lib(Matrix34.obj)”或在“C:\Users\luuuuyang\source\repos\GameDemo\Chapter2\GameDemo2\Debug\Modules_d.pdb”中寻找)；正在链接对象，如同没有调试信息一样
GameLib_d.lib(Joystick.obj) : warning LNK4099: 未找到 PDB“Modules_d.pdb”(使用“GameLib_d.lib(Joystick.obj)”或在“C:\Users\luuuuyang\source\repos\GameDemo\Chapter2\GameDemo2\Debug\Modules_d.pdb”中寻找)；正在链接对象，如同没有调试信息一样
GameLib_d.lib(VertexBuffer.obj) : warning LNK4099: 未找到 PDB“Modules_d.pdb”(使用“GameLib_d.lib(VertexBuffer.obj)”或在“C:\Users\luuuuyang\source\repos\GameDemo\Chapter2\GameDemo2\Debug\Modules_d.pdb”中寻找)；正在链接对象，如同没有调试信息一样
GameLib_d.lib(Texture.obj) : warning LNK4099: 未找到 PDB“Modules_d.pdb”(使用“GameLib_d.lib(Texture.obj)”或在“C:\Users\luuuuyang\source\repos\GameDemo\Chapter2\GameDemo2\Debug\Modules_d.pdb”中寻找)；正在链接对象，如同没有调试信息一样
GameLib_d.lib(IndexBuffer.obj) : warning LNK4099: 未找到 PDB“Modules_d.pdb”(使用“GameLib_d.lib(IndexBuffer.obj)”或在“C:\Users\luuuuyang\source\repos\GameDemo\Chapter2\GameDemo2\Debug\Modules_d.pdb”中寻找)；正在链接对象，如同没有调试信息一样
GameLib_d.lib(InFile.obj) : warning LNK4099: 未找到 PDB“Modules_d.pdb”(使用“GameLib_d.lib(InFile.obj)”或在“C:\Users\luuuuyang\source\repos\GameDemo\Chapter2\GameDemo2\Debug\Modules_d.pdb”中寻找)；正在链接对象，如同没有调试信息一样
GameLib_d.lib(RefString.obj) : warning LNK4099: 未找到 PDB“Modules_d.pdb”(使用“GameLib_d.lib(RefString.obj)”或在“C:\Users\luuuuyang\source\repos\GameDemo\Chapter2\GameDemo2\Debug\Modules_d.pdb”中寻找)；正在链接对象，如同没有调试信息一样
GameLib_d.lib(PrimeNumber.obj) : warning LNK4099: 未找到 PDB“Modules_d.pdb”(使用“GameLib_d.lib(PrimeNumber.obj)”或在“C:\Users\luuuuyang\source\repos\GameDemo\Chapter2\GameDemo2\Debug\Modules_d.pdb”中寻找)；正在链接对象，如同没有调试信息一样
GameLib_d.lib(OStringStream.obj) : warning LNK4099: 未找到 PDB“Modules_d.pdb”(使用“GameLib_d.lib(OStringStream.obj)”或在“C:\Users\luuuuyang\source\repos\GameDemo\Chapter2\GameDemo2\Debug\Modules_d.pdb”中寻找)；正在链接对象，如同没有调试信息一样
GameLib_d.lib(MemoryManager.obj) : warning LNK4099: 未找到 PDB“Modules_d.pdb”(使用“GameLib_d.lib(MemoryManager.obj)”或在“C:\Users\luuuuyang\source\repos\GameDemo\Chapter2\GameDemo2\Debug\Modules_d.pdb”中寻找)；正在链接对象，如同没有调试信息一样
GameLib_d.lib(IBinaryStream.obj) : warning LNK4099: 未找到 PDB“Modules_d.pdb”(使用“GameLib_d.lib(IBinaryStream.obj)”或在“C:\Users\luuuuyang\source\repos\GameDemo\Chapter2\GameDemo2\Debug\Modules_d.pdb”中寻找)；正在链接对象，如同没有调试信息一样
GameLib_d.lib(Halt.obj) : warning LNK4099: 未找到 PDB“Modules_d.pdb”(使用“GameLib_d.lib(Halt.obj)”或在“C:\Users\luuuuyang\source\repos\GameDemo\Chapter2\GameDemo2\Debug\Modules_d.pdb”中寻找)；正在链接对象，如同没有调试信息一样
GameLib_d.lib(DebugStream.obj) : warning LNK4099: 未找到 PDB“Modules_d.pdb”(使用“GameLib_d.lib(DebugStream.obj)”或在“C:\Users\luuuuyang\source\repos\GameDemo\Chapter2\GameDemo2\Debug\Modules_d.pdb”中寻找)；正在链接对象，如同没有调试信息一样
GameLib_d.lib(Conversion.obj) : warning LNK4099: 未找到 PDB“Modules_d.pdb”(使用“GameLib_d.lib(Conversion.obj)”或在“C:\Users\luuuuyang\source\repos\GameDemo\Chapter2\GameDemo2\Debug\Modules_d.pdb”中寻找)；正在链接对象，如同没有调试信息一样
GameLib_d.lib(Compressor.obj) : warning LNK4099: 未找到 PDB“Modules_d.pdb”(使用“GameLib_d.lib(Compressor.obj)”或在“C:\Users\luuuuyang\source\repos\GameDemo\Chapter2\GameDemo2\Debug\Modules_d.pdb”中寻找)；正在链接对象，如同没有调试信息一样
  GameDemo2.vcxproj -> C:\Users\luuuuyang\source\repos\GameDemo\Chapter2\GameDemo2\Debug\GameDemo2.exe
